<?xml version="1.0" encoding="UTF-8"?>
<!-- Generated by org.testng.reporters.JUnitXMLReporter -->
<testsuite ignored="0" hostname="NICDM193" failures="2" tests="2" name="Test" time="21.369" errors="0" timestamp="2022-02-07T09:53:27 IST">
  <testcase classname="TestRunner.Testrunner" name="@AfterClass Extentsreport" time="0.014">
    <failure type="java.lang.NullPointerException" message="Cannot invoke &amp;quot;com.aventstack.extentreports.reporter.ExtentHtmlReporter.loadXMLConfig(String)&amp;quot; because the return value of &amp;quot;com.vimalselvam.cucumber.listener.Reporter.getExtentHtmlReport()&amp;quot; is null">
      <![CDATA[java.lang.NullPointerException: Cannot invoke "com.aventstack.extentreports.reporter.ExtentHtmlReporter.loadXMLConfig(String)" because the return value of "com.vimalselvam.cucumber.listener.Reporter.getExtentHtmlReport()" is null
at com.vimalselvam.cucumber.listener.Reporter.loadXMLConfig(Reporter.java:57)
at TestRunner.Testrunner.Extentsreport(Testrunner.java:24)
at java.base/java.util.ArrayList.forEach(ArrayList.java:1511)
... Removed 25 stack frames]]>
    </failure>
  </testcase> <!-- @AfterClass Extentsreport -->
  <testcase classname="io.cucumber.testng.AbstractTestNGCucumberTests" name="runScenario" time="9.574">
    <failure type="org.openqa.selenium.WebDriverException" message="unknown error: cannot determine loading status
from disconnected: received Inspector.detached event
  (Session info: chrome=97.0.4692.99)
Build info: version: &amp;apos;3.141.59&amp;apos;, revision: &amp;apos;e82be7d358&amp;apos;, time: &amp;apos;2018-11-14T08:17:03&amp;apos;
System info: host: &amp;apos;NICDM193&amp;apos;, ip: &amp;apos;10.18.1.54&amp;apos;, os.name: &amp;apos;Windows 10&amp;apos;, os.arch: &amp;apos;amd64&amp;apos;, os.version: &amp;apos;10.0&amp;apos;, java.version: &amp;apos;17.0.1&amp;apos;
Driver info: org.openqa.selenium.chrome.ChromeDriver
Capabilities {acceptInsecureCerts: false, browserName: chrome, browserVersion: 97.0.4692.99, chrome: {chromedriverVersion: 97.0.4692.71 (adefa7837d02a..., userDataDir: C:\Users\sakthir\AppData\Lo...}, goog:chromeOptions: {debuggerAddress: localhost:65316}, javascriptEnabled: true, networkConnectionEnabled: false, pageLoadStrategy: normal, platform: WINDOWS, platformName: WINDOWS, proxy: Proxy(), setWindowRect: true, strictFileInteractability: false, timeouts: {implicit: 0, pageLoad: 300000, script: 30000}, unhandledPromptBehavior: dismiss and notify, webauthn:extension:credBlob: true, webauthn:extension:largeBlob: true, webauthn:virtualAuthenticators: true}
Session ID: 38b8c58f70596cca569882a6aabfd33b">
      <![CDATA[org.openqa.selenium.WebDriverException: unknown error: cannot determine loading status
from disconnected: received Inspector.detached event
  (Session info: chrome=97.0.4692.99)
Build info: version: '3.141.59', revision: 'e82be7d358', time: '2018-11-14T08:17:03'
System info: host: 'NICDM193', ip: '10.18.1.54', os.name: 'Windows 10', os.arch: 'amd64', os.version: '10.0', java.version: '17.0.1'
Driver info: org.openqa.selenium.chrome.ChromeDriver
Capabilities {acceptInsecureCerts: false, browserName: chrome, browserVersion: 97.0.4692.99, chrome: {chromedriverVersion: 97.0.4692.71 (adefa7837d02a..., userDataDir: C:\Users\sakthir\AppData\Lo...}, goog:chromeOptions: {debuggerAddress: localhost:65316}, javascriptEnabled: true, networkConnectionEnabled: false, pageLoadStrategy: normal, platform: WINDOWS, platformName: WINDOWS, proxy: Proxy(), setWindowRect: true, strictFileInteractability: false, timeouts: {implicit: 0, pageLoad: 300000, script: 30000}, unhandledPromptBehavior: dismiss and notify, webauthn:extension:credBlob: true, webauthn:extension:largeBlob: true, webauthn:virtualAuthenticators: true}
Session ID: 38b8c58f70596cca569882a6aabfd33b
at org.openqa.selenium.remote.http.W3CHttpResponseCodec.createException(W3CHttpResponseCodec.java:187)
at org.openqa.selenium.remote.http.W3CHttpResponseCodec.decode(W3CHttpResponseCodec.java:122)
at org.openqa.selenium.remote.http.W3CHttpResponseCodec.decode(W3CHttpResponseCodec.java:49)
at org.openqa.selenium.remote.HttpCommandExecutor.execute(HttpCommandExecutor.java:158)
at org.openqa.selenium.remote.service.DriverCommandExecutor.execute(DriverCommandExecutor.java:83)
at org.openqa.selenium.remote.RemoteWebDriver.execute(RemoteWebDriver.java:552)
at org.openqa.selenium.remote.RemoteWebDriver.get(RemoteWebDriver.java:277)
at BaseClass.LidraryClass.browserSetUp(LidraryClass.java:72)
at StepDefinition.loginStep.to_launch_the_application_and_navigate_to_url(loginStep.java:17)
at ✽.To launch the application and navigate to url(file:///C:/Users/sakthir/git/HybridCucumber/HybridCucumber/src/test/resources/Feature/TestCase.feature:4)
... Removed 5 stack frames]]>
    </failure>
  </testcase> <!-- runScenario -->
  <testcase classname="io.cucumber.testng.AbstractTestNGCucumberTests" name="runScenario" time="10.053">
    <failure type="org.openqa.selenium.WebDriverException" message="unknown error: Chrome failed to start: exited normally.
  (chrome not reachable)
  (The process started from chrome location C:\Program Files (x86)\Google\Chrome\Application\chrome.exe is no longer running, so ChromeDriver is assuming that Chrome has crashed.)
Build info: version: &amp;apos;3.141.59&amp;apos;, revision: &amp;apos;e82be7d358&amp;apos;, time: &amp;apos;2018-11-14T08:17:03&amp;apos;
System info: host: &amp;apos;NICDM193&amp;apos;, ip: &amp;apos;10.18.1.54&amp;apos;, os.name: &amp;apos;Windows 10&amp;apos;, os.arch: &amp;apos;amd64&amp;apos;, os.version: &amp;apos;10.0&amp;apos;, java.version: &amp;apos;17.0.1&amp;apos;
Driver info: driver.version: ChromeDriver
remote stacktrace: Backtrace:
	Ordinal0 [0x00C6FDC3+2555331]
	Ordinal0 [0x00C077F1+2127857]
	Ordinal0 [0x00B02E08+1060360]
	Ordinal0 [0x00B1EA4A+1174090]
	Ordinal0 [0x00B1AFC1+1159105]
	Ordinal0 [0x00B4C22F+1360431]
	Ordinal0 [0x00B4BE9A+1359514]
	Ordinal0 [0x00B47976+1341814]
	Ordinal0 [0x00B236B6+1193654]
	Ordinal0 [0x00B24546+1197382]
	GetHandleVerifier [0x00E09622+1619522]
	GetHandleVerifier [0x00EB882C+2336844]
	GetHandleVerifier [0x00D023E1+541697]
	GetHandleVerifier [0x00D01443+537699]
	Ordinal0 [0x00C0D18E+2150798]
	Ordinal0 [0x00C11518+2168088]
	Ordinal0 [0x00C11660+2168416]
	Ordinal0 [0x00C1B330+2208560]
	BaseThreadInitThunk [0x751A6359+25]
	RtlGetAppContainerNamedObjectPath [0x77218944+228]
	RtlGetAppContainerNamedObjectPath [0x77218914+180]
">
      <![CDATA[org.openqa.selenium.WebDriverException: unknown error: Chrome failed to start: exited normally.
  (chrome not reachable)
  (The process started from chrome location C:\Program Files (x86)\Google\Chrome\Application\chrome.exe is no longer running, so ChromeDriver is assuming that Chrome has crashed.)
Build info: version: '3.141.59', revision: 'e82be7d358', time: '2018-11-14T08:17:03'
System info: host: 'NICDM193', ip: '10.18.1.54', os.name: 'Windows 10', os.arch: 'amd64', os.version: '10.0', java.version: '17.0.1'
Driver info: driver.version: ChromeDriver
remote stacktrace: Backtrace:
Ordinal0 [0x00C6FDC3+2555331]
Ordinal0 [0x00C077F1+2127857]
Ordinal0 [0x00B02E08+1060360]
Ordinal0 [0x00B1EA4A+1174090]
Ordinal0 [0x00B1AFC1+1159105]
Ordinal0 [0x00B4C22F+1360431]
Ordinal0 [0x00B4BE9A+1359514]
Ordinal0 [0x00B47976+1341814]
Ordinal0 [0x00B236B6+1193654]
Ordinal0 [0x00B24546+1197382]
GetHandleVerifier [0x00E09622+1619522]
GetHandleVerifier [0x00EB882C+2336844]
GetHandleVerifier [0x00D023E1+541697]
GetHandleVerifier [0x00D01443+537699]
Ordinal0 [0x00C0D18E+2150798]
Ordinal0 [0x00C11518+2168088]
Ordinal0 [0x00C11660+2168416]
Ordinal0 [0x00C1B330+2208560]
BaseThreadInitThunk [0x751A6359+25]
RtlGetAppContainerNamedObjectPath [0x77218944+228]
RtlGetAppContainerNamedObjectPath [0x77218914+180]

at org.openqa.selenium.remote.W3CHandshakeResponse.lambda$errorHandler$0(W3CHandshakeResponse.java:62)
at org.openqa.selenium.remote.HandshakeResponse.lambda$getResponseFunction$0(HandshakeResponse.java:30)
at org.openqa.selenium.remote.ProtocolHandshake.lambda$createSession$0(ProtocolHandshake.java:126)
at java.base/java.util.stream.ReferencePipeline$3$1.accept(ReferencePipeline.java:197)
at java.base/java.util.Spliterators$ArraySpliterator.tryAdvance(Spliterators.java:1002)
at java.base/java.util.stream.ReferencePipeline.forEachWithCancel(ReferencePipeline.java:129)
at java.base/java.util.stream.AbstractPipeline.copyIntoWithCancel(AbstractPipeline.java:527)
at java.base/java.util.stream.AbstractPipeline.copyInto(AbstractPipeline.java:513)
at java.base/java.util.stream.AbstractPipeline.wrapAndCopyInto(AbstractPipeline.java:499)
at java.base/java.util.stream.FindOps$FindOp.evaluateSequential(FindOps.java:150)
at java.base/java.util.stream.AbstractPipeline.evaluate(AbstractPipeline.java:234)
at java.base/java.util.stream.ReferencePipeline.findFirst(ReferencePipeline.java:647)
at org.openqa.selenium.remote.ProtocolHandshake.createSession(ProtocolHandshake.java:128)
at org.openqa.selenium.remote.ProtocolHandshake.createSession(ProtocolHandshake.java:74)
at org.openqa.selenium.remote.HttpCommandExecutor.execute(HttpCommandExecutor.java:136)
at org.openqa.selenium.remote.service.DriverCommandExecutor.execute(DriverCommandExecutor.java:83)
at org.openqa.selenium.remote.RemoteWebDriver.execute(RemoteWebDriver.java:552)
at org.openqa.selenium.remote.RemoteWebDriver.startSession(RemoteWebDriver.java:213)
at org.openqa.selenium.remote.RemoteWebDriver.<init>(RemoteWebDriver.java:131)
at org.openqa.selenium.chrome.ChromeDriver.<init>(ChromeDriver.java:181)
at org.openqa.selenium.chrome.ChromeDriver.<init>(ChromeDriver.java:168)
at org.openqa.selenium.chrome.ChromeDriver.<init>(ChromeDriver.java:123)
at BaseClass.LidraryClass.browserSetUp(LidraryClass.java:49)
at StepDefinition.loginStep.to_launch_the_application_and_navigate_to_url(loginStep.java:17)
at ✽.To launch the application and navigate to url(file:///C:/Users/sakthir/git/HybridCucumber/HybridCucumber/src/test/resources/Feature/TestCase.feature:4)
... Removed 5 stack frames]]>
    </failure>
  </testcase> <!-- runScenario -->
</testsuite> <!-- Test -->
